2023-45-19 13:45:29.618 [main] INFO  org.example.tests.BookStoreTests - [Test Name] Add book to favourite list:
2023-45-19 13:45:29.620 [main] INFO  org.example.tests.APITestBase - Getting user ID ...
2023-45-19 13:45:31.303 [main] INFO  org.example.tests.APITestBase - Authorizing user ...
2023-45-19 13:45:31.970 [main] INFO  org.example.tests.APITestBase - Getting book ...
2023-45-19 13:45:32.190 [main] INFO  org.example.tests.APITestBase - Response code: 200
2023-45-19 13:45:32.231 [main] INFO  org.example.tests.APITestBase - Adding book to favourite list ...
2023-45-19 13:45:32.457 [main] INFO  org.example.tests.APITestBase - Response code: 201
2023-45-19 13:45:32.462 [main] INFO  org.example.tests.BookStoreTests - [Test Name] Add non-existent book to favourite list:
2023-45-19 13:45:32.463 [main] INFO  org.example.tests.APITestBase - Getting user ID ...
2023-45-19 13:45:32.754 [main] INFO  org.example.tests.APITestBase - Authorizing user ...
2023-45-19 13:45:33.377 [main] INFO  org.example.tests.APITestBase - Getting book ...
2023-45-19 13:45:33.568 [main] INFO  org.example.tests.APITestBase - Response code: 200
2023-45-19 13:45:33.570 [main] INFO  org.example.tests.APITestBase - Adding book to favourite list ...
2023-45-19 13:45:33.803 [main] INFO  org.example.tests.APITestBase - Response code: 400
2023-45-19 13:45:33.806 [main] INFO  org.example.tests.BookStoreTests - [Test Name] Removing book from favourite list:
2023-45-19 13:45:33.806 [main] INFO  org.example.tests.APITestBase - Getting user ID ...
2023-45-19 13:45:34.100 [main] INFO  org.example.tests.APITestBase - Authorizing user ...
2023-45-19 13:45:34.699 [main] INFO  org.example.tests.APITestBase - Getting book ...
2023-45-19 13:45:34.878 [main] INFO  org.example.tests.APITestBase - Response code: 200
2023-45-19 13:45:34.879 [main] INFO  org.example.tests.APITestBase - Adding book to favourite list ...
2023-45-19 13:45:35.144 [main] INFO  org.example.tests.APITestBase - Response code: 201
2023-45-19 13:45:35.144 [main] INFO  org.example.tests.APITestBase - Removing book from favourite list...
2023-45-19 13:45:35.434 [main] INFO  org.example.tests.APITestBase - Response code: 204
2023-45-19 13:45:35.436 [main] INFO  org.example.tests.BookStoreTests - [Test Name] Remove non-existent book from favourite list:
2023-45-19 13:45:35.436 [main] INFO  org.example.tests.APITestBase - Getting user ID ...
2023-45-19 13:45:35.741 [main] INFO  org.example.tests.APITestBase - Authorizing user ...
2023-45-19 13:45:36.350 [main] INFO  org.example.tests.APITestBase - Removing book from favourite list...
2023-45-19 13:45:36.633 [main] INFO  org.example.tests.APITestBase - Response code: 400
2023-45-19 13:45:36.635 [main] INFO  org.example.tests.BookStoreTests - [Test Name] Replace book in favourite list:
2023-45-19 13:45:36.635 [main] INFO  org.example.tests.APITestBase - Getting user ID ...
2023-45-19 13:45:36.916 [main] INFO  org.example.tests.APITestBase - Authorizing user ...
2023-45-19 13:45:37.506 [main] INFO  org.example.tests.APITestBase - Getting book ...
2023-45-19 13:45:37.686 [main] INFO  org.example.tests.APITestBase - Response code: 200
2023-45-19 13:45:37.687 [main] INFO  org.example.tests.APITestBase - Adding book to favourite list ...
2023-45-19 13:45:37.915 [main] INFO  org.example.tests.APITestBase - Response code: 201
2023-45-19 13:45:37.916 [main] INFO  org.example.tests.APITestBase - Getting user ...
2023-45-19 13:45:38.130 [main] INFO  org.example.tests.APITestBase - Response code: 200
2023-45-19 13:45:38.321 [main] INFO  org.example.tests.APITestBase - Getting book ...
2023-45-19 13:45:38.501 [main] INFO  org.example.tests.APITestBase - Response code: 200
2023-45-19 13:45:38.502 [main] INFO  org.example.tests.APITestBase - Replacing book in user's list ...
2023-45-19 13:45:38.792 [main] INFO  org.example.tests.APITestBase - Response code: 200
2023-45-19 13:45:38.793 [main] INFO  org.example.tests.APITestBase - Getting user ...
2023-45-19 13:45:39.148 [main] INFO  org.example.tests.APITestBase - Response code: 200
2023-45-19 13:45:39.150 [main] INFO  org.example.tests.BookStoreTests - [Test Name] Validate that book with ISBN has N pages:
2023-45-19 13:45:39.151 [main] INFO  org.example.tests.APITestBase - Getting book ...
2023-45-19 13:45:39.336 [main] INFO  org.example.tests.APITestBase - Response code: 200
2023-45-19 13:45:39.757 [main] INFO  org.example.tests.AccountTests - [Test Name] Test creating already existing user:
2023-45-19 13:45:39.757 [main] INFO  org.example.tests.APITestBase - Creating user ...
2023-45-19 13:45:40.046 [main] INFO  org.example.tests.APITestBase - Response code: 201
2023-45-19 13:45:40.046 [main] INFO  org.example.tests.APITestBase - Creating user ...
2023-45-19 13:45:40.295 [main] INFO  org.example.tests.APITestBase - Response code: 406
2023-45-19 13:45:40.297 [main] INFO  org.example.tests.AccountTests - [Test Name] Test creating new user:
2023-45-19 13:45:40.298 [main] INFO  org.example.tests.APITestBase - Creating user ...
2023-45-19 13:45:40.578 [main] INFO  org.example.tests.APITestBase - Response code: 201
2023-45-19 13:45:40.578 [main] INFO  org.example.tests.APITestBase - Checking if user is authorized ...
2023-45-19 13:45:40.833 [main] INFO  org.example.tests.APITestBase - Authorizing user ...
2023-45-19 13:45:41.235 [main] INFO  org.example.tests.APITestBase - Checking if user is authorized ...
2023-45-19 13:45:41.487 [main] INFO  org.example.tests.AccountTests - [Test Name] Test creating new user with invalid password:
2023-45-19 13:45:41.488 [main] INFO  org.example.tests.APITestBase - Creating user ...
2023-45-19 13:45:41.660 [main] INFO  org.example.tests.APITestBase - Response code: 400
